memory.cpp
visual_shader_node_transform_compose.cpp
visual_shader_node_texture_sdf_normal.cpp
physical_sky_material.cpp
timer.cpp
resource_importer_bit_map.cpp
camera3d.cpp
rendering_server.cpp
csg_mesh3d.cpp
stream_peer_extension.cpp
particle_process_material.cpp
damped_spring_joint2d.cpp
time.cpp
menu_bar.cpp
resource_format_saver.cpp
material.cpp
curve_xyz_texture.cpp
csg_combiner3d.cpp
physics_body3d.cpp
tile_set_source.cpp
editor_context_menu_plugin.cpp
static_body3d.cpp
visual_shader_node_step.cpp
physics_direct_body_state3d.cpp
marker2d.cpp
csg_cylinder3d.cpp
physical_bone3d.cpp
marshalls.cpp
tube_trail_mesh.cpp
visual_shader_node_texture_parameter.cpp
resource_importer_layered_texture.cpp
cylinder_shape3d.cpp
path3d.cpp
csg_torus3d.cpp
crypto_key.cpp
static_body2d.cpp
visual_shader_node_texture3d.cpp
physics_direct_body_state2d_extension.cpp
marker3d.cpp
dir_access.cpp
sprite_frames.cpp
csg_sphere3d.cpp
visual_shader_node_texture2d_parameter.cpp
translation.cpp
resource_importer_bm_font.cpp
lightmapper.cpp
curve_texture.cpp
physics_direct_body_state2d.cpp
physics_body2d.cpp
tile_set_scenes_collection_source.cpp
cpu_particles3d.cpp
path_follow3d.cpp
visual_shader_node_texture.cpp
sprite2d.cpp
stream_peer.cpp
curve3d.cpp
touch_screen_button.cpp
parallax_background.cpp
triangle_mesh.cpp
resource_importer_image_font.cpp
sprite_base3d.cpp
parallax2d.cpp
cubemap_array.cpp
lightmap_probe.cpp
box_container.cpp
resource_importer_csv_translation.cpp
visual_shader_node_texture3d_parameter.cpp
curve2d.cpp
sprite3d.cpp
audio_stream_player3d.cpp
stream_peer_buffer.cpp
cubemap.cpp
panorama_sky_material.cpp
line_edit.cpp
audio_stream_polyphonic.cpp
line2d.cpp
tree_item.cpp
box_shape3d.cpp
status_indicator.cpp
visual_shader_node_texture2d_array.cpp
tweener.cpp
panel_container.cpp
cylinder_mesh.cpp
back_buffer_copy.cpp
box_occluder3d.cpp
standard_material3d.cpp
visual_shader_node_smooth_step.cpp
audio_stream_randomizer.cpp
translation_server.cpp
render_scene_buffers_extension.cpp
curve.cpp
audio_stream_wav.cpp
margin_container.cpp
visual_shader_node_texture2d_array_parameter.cpp
torus_mesh.cpp
remote_transform3d.cpp
audio_stream_playlist.cpp
bone2d.cpp
tween.cpp
panel.cpp
link_button.cpp
style_box_empty.cpp
base_material3d.cpp
packet_peer_dtls.cpp
visual_shader_node_switch.cpp
style_box.cpp
tree.cpp
render_scene_data_extension.cpp
bone_attachment3d.cpp
packet_peer_udp.cpp
stream_peer_tls.cpp
lightmapper_rd.cpp
remote_transform2d.cpp
packet_peer_stream.cpp
audio_stream_synchronized.cpp
main_loop.cpp
stream_peer_tcp.cpp
stream_peer_gzip.cpp
base_button.cpp
visual_shader_node_sample3d.cpp
tile_map_pattern.cpp
box_mesh.cpp
packet_peer_extension.cpp
menu_button.cpp
render_scene_buffers_rd.cpp
tile_map.cpp
render_data.cpp
visual_shader_node_texture_sdf.cpp
audio_stream_playback_polyphonic.cpp
visual_shader_node_texture_parameter_triplanar.cpp
look_at_modifier3d.cpp
spring_arm3d.cpp
tile_data.cpp
audio_stream_player.cpp
bone_map.cpp
pck_packer.cpp
spring_bone_collision_plane3d.cpp
render_data_rd.cpp
visual_shader_node_screen_normal_world_space.cpp
reg_ex_match.cpp
packed_scene.cpp
audio_stream_playback_synchronized.cpp
bit_map.cpp
packed_data_container.cpp
light_occluder2d.cpp
theme_db.cpp
rendering_device.cpp
spring_bone_collision_capsule3d.cpp
visual_shader_node_random_range.cpp
visual_shader_node_sdf_to_screen_uv.cpp
optimized_translation.cpp
render_scene_data.cpp
theme.cpp
sphere_shape3d.cpp
render_scene_buffers_configuration.cpp
packet_peer.cpp
audio_stream_mp3.cpp
label_settings.cpp
csg_box3d.cpp
option_button.cpp
button_group.cpp
render_scene_buffers.cpp
parallax_layer.cpp
slider_joint3d.cpp
cpu_particles2d.cpp
texture_layered.cpp
audio_stream_microphone.cpp
render_data_extension.cpp
java_class_wrapper.cpp
button.cpp
soft_body3d.cpp
visual_shader_node_remap.cpp
audio_stream.cpp
packed_data_container_ref.cpp
java_script_bridge.cpp
sphere_occluder3d.cpp
java_object.cpp
visual_shader_node_particle_multiply_by_axis_angle.cpp
texture_layered_rd.cpp
audio_effect_record.cpp
visual_shader_node_particle_sphere_emitter.cpp
split_container.cpp
render_scene_data_rd.cpp
texture_progress_bar.cpp
visual_shader_node_particle_output.cpp
audio_effect_panner.cpp
audio_stream_ogg_vorbis.cpp
reg_ex.cpp
label.cpp
audio_stream_interactive.cpp
spring_bone_collision3d.cpp
kinematic_collision3d.cpp
audio_effect_low_shelf_filter.cpp
reflection_probe.cpp
visual_shader_node_particle_ring_emitter.cpp
texture_cubemap_rd.cpp
open_xr_haptic_base.cpp
audio_stream_playback_resampled.cpp
audio_stream_playback_ogg_vorbis.cpp
java_script_object.cpp
visual_shader_node_particle_randomness.cpp
spin_box.cpp
slider.cpp
string_name.cpp
tile_set.cpp
utility_functions.cpp
visual_shader_node_screen_uv_to_sdf.cpp
open_xr_interaction_profile_metadata.cpp
ray_cast2d.cpp
rd_shader_source.cpp
tile_map_layer.cpp
joint3d.cpp
string.cpp
sphere_mesh.cpp
vector4i.cpp
visual_shader_node_resizable_base.cpp
tile_set_atlas_source.cpp
error_macros.cpp
vector3i.cpp
vector2i.cpp
vector2.cpp
vector4.cpp
audio_stream_playback.cpp
spot_light3d.cpp
audio_listener2d.cpp
rect2i.cpp
quaternion.cpp
open_xr_visibility_mask.cpp
basis.cpp
vector3.cpp
audio_sample.cpp
light2d.cpp
spring_bone_simulator3d.cpp
visual_shader_node_reroute.cpp
texture_cubemap_array_rd.cpp
audio_stream_player2d.cpp
spring_bone_collision_sphere3d.cpp
audio_effect_reverb.cpp
gltf_buffer_view.cpp
visual_shader_node_proximity_fade.cpp
texture_button.cpp
open_xr_haptic_vibration.cpp
audio_stream_generator_playback.cpp
audio_effect_notch_filter.cpp
joint2d.cpp
texture3drd.cpp
audio_stream_generator.cpp
zip_reader.cpp
visual_shader_node_particle_mesh_emitter.cpp
gltf_document_extension.cpp
audio_server.cpp
range.cpp
lightmap_gi_data.cpp
gltf_document.cpp
visual_shader_node_rotation_by_axis.cpp
thread.cpp
rd_shader_spirv.cpp
lightmap_gi.cpp
audio_effect_pitch_shift.cpp
skin_reference.cpp
gltf_camera.cpp
visual_shader_node_sdf_raymarch.cpp
texture_rect.cpp
open_xr_interface.cpp
audio_listener3d.cpp
kinematic_collision2d.cpp
skeleton_profile_humanoid.cpp
open_xr_dpad_binding_modifier.cpp
audio_effect_spectrum_analyzer_instance.cpp
skeleton_modifier3d.cpp
visual_shader_node_particle_emit.cpp
open_xr_composition_layer_quad.cpp
audio_stream_playback_playlist.cpp
rd_uniform.cpp
light3d.cpp
audio_effect_phaser.cpp
gltf_accessor.cpp
open_xr_interaction_profile_editor_base.cpp
audio_stream_playback_interactive.cpp
audio_effect_low_pass_filter.cpp
visual_shader_node_parameter.cpp
skeleton_modification2d_two_bone_ik.cpp
reference_rect.cpp
java_class.cpp
audio_effect_limiter.cpp
zip_packer.cpp
gd_script_syntax_highlighter.cpp
rectangle_shape2d.cpp
open_xrip_binding.cpp
label3d.cpp
audio_effect_stereo_enhance.cpp
gd_script.cpp
gd_extension.cpp
visual_shader_node_linear_scene_depth.cpp
skeleton_modification2d_look_at.cpp
open_xr_interaction_profile.cpp
visual_shader_node_particle_accelerator.cpp
random_number_generator.cpp
open_xr_hand.cpp
audio_sample_playback.cpp
audio_effect_spectrum_analyzer.cpp
skeleton_modification2d_stack_holder.cpp
flow_container.cpp
cone_twist_joint3d.cpp
rd_shader_file.cpp
open_xr_extension_wrapper_extension.cpp
skeleton_modification2d_physical_bones.cpp
file_access.cpp
skeleton_ik3d.cpp
control.cpp
file_dialog.cpp
concave_polygon_shape2d.cpp
visual_shader_node_outer_product.cpp
rd_vertex_attribute.cpp
audio_effect_compressor.cpp
compressed_texture_layered.cpp
open_xr_interaction_profile_editor.cpp
rd_texture_view.cpp
open_xrip_binding_modifier.cpp
visual_shader_node_multiply_add.cpp
skeleton_modification2d.cpp
char_string.cpp
audio_effect_distortion.cpp
crypto.cpp
rd_texture_format.cpp
framebuffer_cache_rd.cpp
audio_effect_eq.cpp
visual_shader_node_int_op.cpp
ref_counted.cpp
config_file.cpp
skeleton_modification2d_jiggle.cpp
open_xr_composition_layer_equirect.cpp
font_variation.cpp
audio_effect_hard_limiter.cpp
skeleton_modification2dccdik.cpp
xrvrs.cpp
concave_polygon_shape3d.cpp
visual_shader_node_particle_emitter.cpp
external_texture.cpp
ray_cast3d.cpp
fog_volume.cpp
audio_effect_chorus.cpp
skeleton3d.cpp
engine_profiler.cpp
compressed_texture3d.cpp
skeleton_modification2dfabrik.cpp
xr_server.cpp
xr_positional_tracker.cpp
visual_shader_node_particle_box_emitter.cpp
open_xr_binding_modifier_editor.cpp
open_xr_binding_modifier.cpp
audio_effect_delay.cpp
sky.cpp
rd_pipeline_rasterization_state.cpp
container.cpp
editor_undo_redo_manager.cpp
visual_shader_node_parameter_ref.cpp
fbx_state.cpp
visual_shader_node_output.cpp
open_xr_action_set.cpp
skin.cpp
audio_effect_eq6.cpp
fast_noise_lite.cpp
editor_translation_parser_plugin.cpp
offline_multiplayer_peer.cpp
xr_tracker.cpp
audio_effect_eq21.cpp
confirmation_dialog.cpp
convex_polygon_shape3d.cpp
font_file.cpp
visual_shader_node_is.cpp
skeleton_profile.cpp
xr_camera3d.cpp
rd_pipeline_color_blend_state.cpp
visual_shader_node_int_parameter.cpp
xr_node3d.cpp
open_xr_analog_threshold_modifier.cpp
fog_material.cpp
visual_shader_node_mix.cpp
rd_framebuffer_pass.cpp
environment.cpp
audio_effect_high_pass_filter.cpp
convex_polygon_shape2d.cpp
audio_effect_filter.cpp
xr_face_tracker.cpp
gltf_animation.cpp
property_tweener.cpp
xr_hand_modifier3d.cpp
audio_effect_instance.cpp
encoded_object_as_id.cpp
gd_extension_manager.cpp
visual_shader_node_particle_cone_velocity.cpp
occluder_polygon2d.cpp
audio_effect_high_shelf_filter.cpp
skeleton_modification_stack2d.cpp
xr_body_tracker.cpp
open_xr_action_binding_modifier.cpp
rd_attachment_format.cpp
audio_effect_eq10.cpp
xr_interface.cpp
file_system_dock.cpp
ogg_packet_sequence_playback.cpp
fbx_document.cpp
xr_hand_tracker.cpp
color_rect.cpp
quad_mesh.cpp
xr_face_modifier3d.cpp
compressed_texture2d_array.cpp
open_xr_action_map.cpp
skeleton2d.cpp
expression.cpp
font.cpp
shortcut.cpp
project_settings.cpp
visual_shader_node_group_base.cpp
open_xr_action.cpp
xr_controller3d.cpp
shape_cast2d.cpp
engine_debugger.cpp
engine.cpp
compressed_texture2d.cpp
gradient_texture2d.cpp
visual_shader_node_fresnel.cpp
rd_pipeline_multisample_state.cpp
jsonrpc.cpp
editor_vcs_interface.cpp
prism_mesh.cpp
xr_controller_tracker.cpp
occluder3d.cpp
audio_effect_band_pass_filter.cpp
shape3d.cpp
json.cpp
shader_include_db.cpp
compressed_cubemap_array.cpp
editor_settings.cpp
quad_occluder3d.cpp
compositor_effect.cpp
omni_light3d.cpp
jni_singleton.cpp
visual_shader_node_float_parameter.cpp
xr_pose.cpp
open_xr_composition_layer_cylinder.cpp
gpu_particles_collision_box3d.cpp
gradient.cpp
procedural_sky_material.cpp
visual_shader_node_float_constant.cpp
aspect_ratio_container.cpp
open_xr_composition_layer.cpp
audio_effect.cpp
segment_shape2d.cpp
generic6_dof_joint3d.cpp
xr_interface_extension.cpp
item_list.cpp
collision_shape3d.cpp
visual_shader_node_expression.cpp
rd_sampler_state.cpp
ogg_packet_sequence.cpp
rd_pipeline_specialization_constant.cpp
visual_shader_node_face_forward.cpp
interval_tweener.cpp
xr_origin3d.cpp
geometry2d.cpp
editor_scene_format_importer_ufbx.cpp
visual_shader_node_distance_fade.cpp
collision_polygon2d.cpp
atlas_texture.cpp
editor_spin_slider.cpp
rd_pipeline_depth_stencil_state.cpp
open_xrapi_extension.cpp
shader_include.cpp
visual_shader_node_dot_product.cpp
geometry_instance3d.cpp
rd_pipeline_color_blend_state_attachment.cpp
occluder_instance3d.cpp
shape2d.cpp
editor_selection.cpp
color_picker_button.cpp
input_event_with_modifiers.cpp
shader_material.cpp
progress_bar.cpp
audio_effect_capture.cpp
geometry3d.cpp
compressed_cubemap.cpp
visual_shader_node_input.cpp
placeholder_texture_layered.cpp
audio_effect_band_limit_filter.cpp
plane_mesh.cpp
xr_body_modifier3d.cpp
gpu_particles_collision_sphere3d.cpp
object.cpp
editor_scene_format_importer_gltf.cpp
audio_bus_layout.cpp
collision_shape2d.cpp
xr_anchor3d.cpp
os.cpp
gpu_particles_collision_sdf3d.cpp
editor_script_picker.cpp
print_string.cpp
collision_polygon3d.cpp
xml_parser.cpp
editor_scene_post_import.cpp
input_event_pan_gesture.cpp
popup.cpp
separator.cpp
gpu_particles_collision_height_field3d.cpp
audio_effect_amplify.cpp
editor_resource_tooltip_plugin.cpp
input_event_mouse.cpp
color_palette.cpp
separation_ray_shape3d.cpp
x509_certificate.cpp
gpu_particles_attractor_sphere3d.cpp
editor_scene_format_importer.cpp
visual_shader_node_float_op.cpp
array_mesh.cpp
semaphore.cpp
world_environment.cpp
compositor.cpp
visual_shader_node_float_func.cpp
input_event_key.cpp
nine_patch_rect.cpp
world_boundary_shape3d.cpp
area3d.cpp
editor_script.cpp
visual_shader_node_int_func.cpp
color_picker.cpp
placeholder_texture3d.cpp
navigation_region3d.cpp
area2d.cpp
input_event_screen_drag.cpp
world_boundary_shape2d.cpp
editor_scene_post_import_plugin.cpp
visual_shader_node_int_constant.cpp
noise.cpp
input_event_joypad_motion.cpp
animation_tree.cpp
popup_panel.cpp
separation_ray_shape2d.cpp
gpu_particles_attractor_vector_field3d.cpp
input_event_gesture.cpp
navigation_path_query_result3d.cpp
web_rtc_peer_connection_extension.cpp
visual_shader_node_if.cpp
scroll_container.cpp
array_occluder3d.cpp
variant_internal.cpp
plane.cpp
aabb.cpp
editor_plugin_registration.cpp
shape_cast3d.cpp
world2d.cpp
gpu_particles_attractor_box3d.cpp
input_event_mouse_button.cpp
node3d_gizmo.cpp
visual_shader_node_determinant.cpp
editor_scene_format_importer_fbx2_gltf.cpp
worker_thread_pool.cpp
graph_edit.cpp
visual_shader_node_global_expression.cpp
packed_float64_array.cpp
shader_globals_override.cpp
animation_node_transition.cpp
primitive_mesh.cpp
visual_shader_node_frame.cpp
window.cpp
popup_menu.cpp
input_event_joypad_button.cpp
packed_int32_array.cpp
node2d.cpp
scroll_bar.cpp
animation_node_state_machine_playback.cpp
gpu_particles_collision3d.cpp
packed_byte_array.cpp
editor_scene_format_importer_blend.cpp
animation_node_output.cpp
visual_shader_node_derivative_func.cpp
polygon2d.cpp
node.cpp
gradient_texture1_d.cpp
editor_toaster.cpp
visual_shader_node_custom.cpp
shader.cpp
editor_syntax_highlighter.cpp
web_socket_peer.cpp
visual_shader_node_curve_xyz_texture.cpp
navigation_polygon.cpp
signal.cpp
script_language_extension.cpp
input_event_screen_touch.cpp
gpu_particles_attractor3d.cpp
input_event_midi.cpp
portable_compressed_texture2d.cpp
scene_multiplayer.cpp
visual_shader_node_curve_texture.cpp
input_event_shortcut.cpp
script_language.cpp
navigation_server3d.cpp
gltf_texture.cpp
visual_shader_node_cubemap.cpp
input_map.cpp
script_extension.cpp
web_xr_interface.cpp
editor_resource_preview_generator.cpp
gpu_particles2d.cpp
polygon_path_finder.cpp
animation_node_state_machine.cpp
input_event_mouse_motion.cpp
visual_shader_node_compare.cpp
packed_int64_array.cpp
animation_node_extension.cpp
input_event_magnify_gesture.cpp
point_light2d.cpp
web_rtc_data_channel_extension.cpp
polygon_occluder3d.cpp
navigation_region2d.cpp
transform3d.cpp
projection.cpp
animation_node_time_seek.cpp
instance_placeholder.cpp
editor_resource_preview.cpp
gltf_node.cpp
point_mesh.cpp
visual_shader_node_comment.cpp
web_rtc_data_channel.cpp
node_path.cpp
navigation_server2d.cpp
visual_shader_node_color_parameter.cpp
animation_node_time_scale.cpp
web_rtc_multiplayer_peer.cpp
editor_paths.cpp
packed_vector2_array.cpp
animation_node_one_shot.cpp
gltf_physics_body.cpp
scene_state.cpp
editor_property.cpp
input_event_from_window.cpp
gltf_mesh.cpp
transform2d.cpp
rect2.cpp
scene_tree_timer.cpp
callable_method_pointer.cpp
world3d.cpp
visual_shader_node_constant.cpp
placeholder_texture2d.cpp
editor_resource_picker.cpp
color.cpp
method_bind.cpp
callable_custom.cpp
gltf_skin.cpp
visual_shader_node_color_op.cpp
array.cpp
test.cpp
animation_node_sync.cpp
scene_tree.cpp
gltf_light.cpp
placeholder_mesh.cpp
packed_string_array.cpp
orm_material3d.cpp
animation_node_state_machine_transition.cpp
web_socket_multiplayer_peer.cpp
script_editor.cpp
editor_resource_conversion_plugin.cpp
packed_float32_array.cpp
gltf_document_extension_convert_importer_mesh.cpp
animation_node_sub2.cpp
noise_texture3d.cpp
input_event.cpp
web_rtc_peer_connection.cpp
callable.cpp
placeholder_material.cpp
editor_plugin.cpp
gltf_state.cpp
gltf_skeleton.cpp
noise_texture2d.cpp
input.cpp
visual_shader_node_clamp.cpp
node3d.cpp
animation_root_node.cpp
editor_node3d_gizmo_plugin.cpp
script_editor_base.cpp
importer_mesh_instance3d.cpp
visual_shader_node_boolean_constant.cpp
placeholder_cubemap_array.cpp
dictionary.cpp
navigation_path_query_result2d.cpp
visual_shader_node_cubemap_parameter.cpp
script.cpp
placeholder_cubemap.cpp
editor_node3d_gizmo.cpp
rid.cpp
animation_player.cpp
navigation_path_query_parameters2d.cpp
gltf_object_model_property.cpp
editor_inspector_plugin.cpp
physics_test_motion_result3d.cpp
editor_interface.cpp
gpu_particles3d.cpp
height_map_shape3d.cpp
root_motion_view.cpp
image_format_loader.cpp
gltf_physics_shape.cpp
navigation_agent3d.cpp
gltf_texture_sampler.cpp
voxel_gi.cpp
visual_shader_node_color_constant.cpp
physics_server3d_rendering_server_handler.cpp
editor_import_plugin.cpp
physics_test_motion_parameters2d.cpp
navigation_mesh.cpp
rigid_body3d.cpp
collision_object2d.cpp
image_format_loader_extension.cpp
scene_replication_config.cpp
editor_file_system_import_format_support_query.cpp
visual_shader_node_world_position_from_depth.cpp
animation_node_blend3.cpp
visual_shader_node_vector_len.cpp
script_create_dialog.cpp
physics_server3d.cpp
editor_file_system_directory.cpp
physics_server2d_manager.cpp
navigation_mesh_source_geometry_data3d.cpp
image_texture_layered.cpp
visual_shader_node_boolean_parameter.cpp
circle_shape2d.cpp
visual_shader_node_vector_compose.cpp
animation.cpp
navigation_path_query_parameters3d.cpp
navigation_obstacle3d.cpp
animation_library.cpp
visual_shader_node_vec3_constant.cpp
image_texture.cpp
editor_file_system.cpp
visual_shader_node_color_func.cpp
text_server_advanced.cpp
animated_texture.cpp
gltf_spec_gloss.cpp
image.cpp
character_body2d.cpp
physics_server3d_extension.cpp
check_button.cpp
editor_export_platform_web.cpp
animation_node_animation.cpp
texture2drd.cpp
physics_server3d_manager.cpp
check_box.cpp
animation_node_add3.cpp
ip.cpp
visual_shader_node.cpp
text_server_dummy.cpp
pin_joint2d.cpp
navigation_obstacle2d.cpp
collision_object3d.cpp
visual_shader_node_vector_func.cpp
visual_shader_node_vector_distance.cpp
hinge_joint3d.cpp
texture3d.cpp
mutex.cpp
editor_export_plugin.cpp
text_server.cpp
code_highlighter.cpp
editor_export_platform_ios.cpp
input_event_action.cpp
placeholder_texture2d_array.cpp
visible_on_screen_enabler3d.cpp
importer_mesh.cpp
animation_mixer.cpp
text_server_extension.cpp
physics_shape_query_parameters2d.cpp
navigation_mesh_source_geometry_data2d.cpp
character_body3d.cpp
pin_joint3d.cpp
char_fx_transform.cpp
video_stream_player.cpp
animation_node_blend_tree.cpp
immediate_mesh.cpp
editor_export_preset.cpp
visible_on_screen_enabler2d.cpp
hashing_context.cpp
weak_ref.cpp
navigation_agent2d.cpp
code_edit.cpp
physics_shape_query_parameters3d.cpp
editor_export_platform_windows.cpp
native_menu.cpp
image_texture3d.cpp
animation_node_blend_space2d.cpp
class_db_singleton.cpp
vehicle_body3d.cpp
texture2d_array.cpp
physics_test_motion_result2d.cpp
navigation_link3d.cpp
editor_export_platform_mac_os.cpp
animation_node_add2.cpp
viewport_texture.cpp
texture2d.cpp
physics_test_motion_parameters3d.cpp
navigation_mesh_generator.cpp
object.cpp
godot.cpp
variant.cpp
wrapped.cpp
register_types.cpp
animation_node.cpp
class_db.cpp
low_level.cpp
texture.cpp
navigation_link2d.cpp
visual_shader_node_vector_refract.cpp
visual_instance3d.cpp
center_container.cpp
visual_shader_node_vector_op.cpp
text_paragraph.cpp
capsule_shape3d.cpp
animation_node_blend2.cpp
http_request.cpp
voxel_gi_data.cpp
video_stream_theora.cpp
editor_export_platform_pc.cpp
text_server_manager.cpp
visual_shader.cpp
capsule_shape2d.cpp
animation_node_blend_space1_d.cpp
visual_shader_node_vec4_constant.cpp
resource_importer_texture_atlas.cpp
visual_shader_node_vector_decompose.cpp
editor_feature_profile.cpp
visible_on_screen_notifier3d.cpp
editor_inspector.cpp
texture2d_array_rd.cpp
canvas_texture.cpp
visual_shader_node_vec3_parameter.cpp
multiplayer_synchronizer.cpp
canvas_modulate.cpp
grid_container.cpp
viewport.cpp
physics_direct_space_state2d_extension.cpp
rich_text_label.cpp
a_star2d.cpp
visual_shader_node_vector_base.cpp
physics_direct_space_state3d.cpp
multiplayer_spawner.cpp
camera_feed.cpp
text_mesh.cpp
h_flow_container.cpp
rich_text_effect.cpp
packed_vector3_array.cpp
text_line.cpp
editor_file_dialog.cpp
visual_shader_node_vec4_parameter.cpp
physics_point_query_parameters3d.cpp
grid_map_editor_plugin.cpp
vehicle_wheel3d.cpp
canvas_item_material.cpp
animated_sprite2d.cpp
h_slider.cpp
retarget_modifier3d.cpp
editor_export_platform_linux_bsd.cpp
multiplayer_peer_extension.cpp
physics_direct_space_state2d.cpp
rigid_body2d.cpp
multiplayer_peer.cpp
tab_bar.cpp
animated_sprite3d.cpp
canvas_group.cpp
editor_debugger_plugin.cpp
h_separator.cpp
physics_server2d.cpp
visual_shader_node_billboard.cpp
canvas_layer.cpp
resource_loader.cpp
graph_frame.cpp
editor_export_platform_extension.cpp
physics_direct_body_state3d_extension.cpp
multiplayer_api_extension.cpp
camera_server.cpp
video_stream_playback.cpp
visual_shader_node_u_int_func.cpp
graph_element.cpp
multiplayer_api.cpp
resource_uid.cpp
visible_on_screen_notifier2d.cpp
animatable_body3d.cpp
h_scroll_bar.cpp
ribbon_trail_mesh.cpp
physics_ray_query_parameters2d.cpp
video_stream.cpp
multi_mesh_instance3d.cpp
accept_dialog.cpp
physics_direct_space_state3d_extension.cpp
resource_preloader.cpp
editor_export_platform.cpp
visual_shader_node_vec2_constant.cpp
editor_export_platform_android.cpp
resource_saver.cpp
multi_mesh_instance2d.cpp
visual_shader_node_varying_getter.cpp
camera_attributes_physical.cpp
multi_mesh.cpp
surface_tool.cpp
camera_attributes_practical.cpp
h_box_container.cpp
visual_shader_node_uv_func.cpp
resource_importer_wav.cpp
syntax_highlighter.cpp
camera_attributes.cpp
animatable_body2d.cpp
packed_color_array.cpp
groove_joint2d.cpp
editor_debugger_session.cpp
sub_viewport_container.cpp
grid_map.cpp
physics_ray_query_parameters3d.cpp
tcp_server.cpp
aes_context.cpp
visual_shader_node_varying_setter.cpp
upnp_device.cpp
graph_node.cpp
udp_server.cpp
physics_point_query_parameters2d.cpp
mesh_library.cpp
editor_command_palette.cpp
visual_shader_node_varying.cpp
mesh.cpp
a_star_grid2d.cpp
physics_server2d_extension.cpp
v_slider.cpp
mobile_vr_interface.cpp
e_net_packet_peer.cpp
style_box_line.cpp
a_star3d.cpp
upnp.cpp
physics_material.cpp
directional_light2d.cpp
tls_options.cpp
visual_shader_node_transform_decompose.cpp
packed_vector4_array.cpp
packed_arrays.cpp
resource_importer_texture.cpp
canvas_item.cpp
v_separator.cpp
resource_importer_shader_file.cpp
e_net_multiplayer_peer.cpp
system_font.cpp
http_client.cpp
visual_shader_node_u_int_constant.cpp
resource_importer_scene.cpp
e_net_connection.cpp
camera_texture.cpp
h_split_container.cpp
visual_shader_node_transform_op.cpp
resource_importer_ogg_vorbis.cpp
path2d.cpp
style_box_flat.cpp
resource_importer_obj.cpp
undo_redo.cpp
capsule_mesh.cpp
movie_writer.cpp
subtween_tweener.cpp
display_server.cpp
hmac_context.cpp
physical_bone_simulator3d.cpp
v_split_container.cpp
visual_shader_node_transform_func.cpp
resource_importer_mp3.cpp
visual_shader_node_transform_vec_mult.cpp
tab_container.cpp
v_flow_container.cpp
resource_importer.cpp
directional_light3d.cpp
visual_shader_node_u_int_op.cpp
resource.cpp
mesh_instance2d.cpp
mesh_texture.cpp
csg_polygon3d.cpp
style_box_texture.cpp
visual_shader_node_vec2_parameter.cpp
decal.cpp
visual_shader_node_uv_polar_coord.cpp
path_follow2d.cpp
text_edit.cpp
v_scroll_bar.cpp
missing_resource.cpp
csg_shape3d.cpp
visual_shader_node_u_int_parameter.cpp
v_box_container.cpp
resource_importer_image.cpp
visual_shader_node_transform_parameter.cpp
mesh_instance3d.cpp
missing_node.cpp
sub_viewport.cpp
method_tweener.cpp
uniform_set_cache_rd.cpp
callback_tweener.cpp
resource_importer_dynamic_font.cpp
visual_shader_node_transform_constant.cpp
resource_format_loader.cpp
performance.cpp
mesh_data_tool.cpp
translation_domain.cpp
camera2d.cpp
dtls_server.cpp
physical_bone2d.cpp
mesh_convex_decomposition_settings.cpp
csg_primitive3d.cpp
   Creating library C:\Users\Aaron\Documents\CGodot\gdext\libtest.windows.template_debug.x86_64.lib and object C:\Users\Aaron\Documents\CGodot\gdext\libtest.windows.template_debug.x86_64.exp
test.cpp
register_types.cpp
   Creating library C:\Users\Aaron\Documents\CGodot\gdext\libtest.windows.template_debug.x86_64.lib and object C:\Users\Aaron\Documents\CGodot\gdext\libtest.windows.template_debug.x86_64.exp
test.cpp
register_types.cpp
   Creating library C:\Users\Aaron\Documents\CGodot\gdext\libtest.windows.template_debug.x86_64.lib and object C:\Users\Aaron\Documents\CGodot\gdext\libtest.windows.template_debug.x86_64.exp
test.cpp
register_types.cpp
   Creating library C:\Users\Aaron\Documents\CGodot\gdext\libtest.windows.template_debug.x86_64.lib and object C:\Users\Aaron\Documents\CGodot\gdext\libtest.windows.template_debug.x86_64.exp
test.cpp
   Creating library C:\Users\Aaron\Documents\CGodot\gdext\libtest.windows.template_debug.x86_64.lib and object C:\Users\Aaron\Documents\CGodot\gdext\libtest.windows.template_debug.x86_64.exp
test.cpp
register_types.cpp
   Creating library C:\Users\Aaron\Documents\CGodot\gdext\libtest.windows.template_debug.x86_64.lib and object C:\Users\Aaron\Documents\CGodot\gdext\libtest.windows.template_debug.x86_64.exp
   Creating library C:\Users\Aaron\Documents\CGodot\gdext\libtest.windows.template_debug.x86_64.lib and object C:\Users\Aaron\Documents\CGodot\gdext\libtest.windows.template_debug.x86_64.exp
test.cpp
   Creating library C:\Users\Aaron\Documents\CGodot\gdext\libtest.windows.template_debug.x86_64.lib and object C:\Users\Aaron\Documents\CGodot\gdext\libtest.windows.template_debug.x86_64.exp
memory.cpp
visual_shader_node_transform_constant.cpp
open_xr_haptic_base.cpp
visual_shader_node_boolean_parameter.cpp
separation_ray_shape2d.cpp
open_xr_composition_layer_equirect.cpp
link_button.cpp
line_edit.cpp
crypto.cpp
audio_effect_instance.cpp
line2d.cpp
visual_shader_node_transform_compose.cpp
environment.cpp
shader.cpp
open_xr_interaction_profile_editor_base.cpp
convex_polygon_shape3d.cpp
marker2d.cpp
visual_shader_node_transform_func.cpp
visual_shader_node_dot_product.cpp
shape2d.cpp
engine_profiler.cpp
open_xr_interaction_profile.cpp
main_loop.cpp
convex_polygon_shape2d.cpp
lightmap_gi_data.cpp
visual_shader_node_uv_func.cpp
separation_ray_shape3d.cpp
audio_effect_eq10.cpp
open_xr_composition_layer_cylinder.cpp
lightmap_gi.cpp
skeleton3d.cpp
visual_shader_node_cubemap_parameter.cpp
engine_debugger.cpp
scroll_bar.cpp
audio_effect_delay.cpp
open_xr_analog_threshold_modifier.cpp
control.cpp
engine.cpp
open_xr_extension_wrapper_extension.cpp
visual_shader_node_u_int_func.cpp
shortcut.cpp
light3d.cpp
visual_shader_node_cubemap.cpp
audio_effect_hard_limiter.cpp
script_language.cpp
encoded_object_as_id.cpp
visual_shader_node_varying.cpp
container.cpp
visual_shader_node_custom.cpp
script_editor_base.cpp
confirmation_dialog.cpp
visual_shader_node_u_int_parameter.cpp
translation.cpp
visual_shader_node_curve_xyz_texture.cpp
translation_server.cpp
script_editor.cpp
visual_shader_node_texture_sdf_normal.cpp
audio_effect_compressor.cpp
open_xr_composition_layer_quad.cpp
visual_shader_node_curve_texture.cpp
config_file.cpp
script_create_dialog.cpp
light_occluder2d.cpp
touch_screen_button.cpp
visual_shader_node_transform_decompose.cpp
audio_effect_eq21.cpp
visual_shader_node_color_constant.cpp
editor_undo_redo_manager.cpp
tile_set.cpp
editor_toaster.cpp
open_xr_action_map.cpp
lightmapper_rd.cpp
cone_twist_joint3d.cpp
editor_scene_format_importer_ufbx.cpp
kinematic_collision3d.cpp
viewport.cpp
tile_set_scenes_collection_source.cpp
visual_shader.cpp
editor_settings.cpp
scene_replication_config.cpp
concave_polygon_shape3d.cpp
offline_multiplayer_peer.cpp
java_object.cpp
audio_effect_filter.cpp
visible_on_screen_notifier3d.cpp
occluder3d.cpp
joint3d.cpp
tile_map_pattern.cpp
audio_effect_high_shelf_filter.cpp
compressed_texture_layered.cpp
video_stream_theora.cpp
audio_effect_high_pass_filter.cpp
root_motion_view.cpp
os.cpp
compressed_texture3d.cpp
visible_on_screen_notifier2d.cpp
compressed_texture2d_array.cpp
rigid_body3d.cpp
json.cpp
kinematic_collision2d.cpp
open_xrapi_extension.cpp
video_stream_player.cpp
time.cpp
editor_syntax_highlighter.cpp
audio_effect_distortion.cpp
rigid_body2d.cpp
compressed_cubemap_array.cpp
audio_effect_limiter.cpp
scene_tree_timer.cpp
visual_shader_node_boolean_constant.cpp
joint2d.cpp
editor_selection.cpp
rich_text_effect.cpp
visual_instance3d.cpp
audio_effect_eq6.cpp
editor_scene_post_import_plugin.cpp
node_path.cpp
collision_shape3d.cpp
scene_tree.cpp
object.cpp
visual_shader_node_billboard.cpp
timer.cpp
tile_set_atlas_source.cpp
audio_effect_eq.cpp
editor_spin_slider.cpp
script_extension.cpp
collision_shape2d.cpp
compositor_effect.cpp
string.cpp
array_occluder3d.cpp
java_script_bridge.cpp
scene_multiplayer.cpp
jsonrpc.cpp
vector3i.cpp
vector2.cpp
tree_item.cpp
vector2i.cpp
error_macros.cpp
vector4i.cpp
vector4.cpp
open_xr_action.cpp
audio_effect.cpp
editor_script_picker.cpp
collision_polygon3d.cpp
viewport_texture.cpp
color_rect.cpp
script_language_extension.cpp
item_list.cpp
area3d.cpp
jni_singleton.cpp
string_name.cpp
editor_scene_format_importer_fbx2_gltf.cpp
visible_on_screen_enabler3d.cpp
orm_material3d.cpp
label.cpp
color_picker.cpp
tree.cpp
java_class.cpp
editor_script.cpp
array_mesh.cpp
visual_shader_node.cpp
ogg_packet_sequence_playback.cpp
editor_scene_format_importer_gltf.cpp
torus_mesh.cpp
translation_domain.cpp
editor_scene_format_importer_blend.cpp
area2d.cpp
visible_on_screen_enabler2d.cpp
occluder_instance3d.cpp
tile_set_source.cpp
java_class_wrapper.cpp
editor_scene_post_import.cpp
occluder_polygon2d.cpp
audio_effect_band_limit_filter.cpp
compositor.cpp
crypto_key.cpp
video_stream_playback.cpp
script.cpp
open_xr_action_set.cpp
compressed_texture2d.cpp
vehicle_body3d.cpp
open_xr_action_binding_modifier.cpp
quaternion.cpp
rich_text_label.cpp
tile_data.cpp
rect2i.cpp
label3d.cpp
gltf_physics_shape.cpp
basis.cpp
vector3.cpp
char_string.cpp
compressed_cubemap.cpp
omni_light3d.cpp
scene_state.cpp
java_script_object.cpp
video_stream.cpp
audio_effect_chorus.cpp
ogg_packet_sequence.cpp
vehicle_wheel3d.cpp
atlas_texture.cpp
gltf_object_model_property.cpp
print_string.cpp
color_picker_button.cpp
concave_polygon_shape2d.cpp
theme.cpp
point_mesh.cpp
node3d.cpp
placeholder_texture_layered.cpp
noise_texture3d.cpp
gltf_node.cpp
v_split_container.cpp
resource_saver.cpp
texture3d.cpp
noise.cpp
audio_effect_band_pass_filter.cpp
aspect_ratio_container.cpp
v_slider.cpp
plane_mesh.cpp
utility_functions.cpp
texture_layered_rd.cpp
gltf_accessor.cpp
undo_redo.cpp
audio_effect_capture.cpp
resource_preloader.cpp
placeholder_texture2d_array.cpp
color_palette.cpp
texture2d_array.cpp
resource_importer_shader_file.cpp
noise_texture2d.cpp
audio_bus_layout.cpp
resource_importer_wav.cpp
v_scroll_bar.cpp
resource_importer_scene.cpp
audio_effect_amplify.cpp
point_light2d.cpp
node3d_gizmo.cpp
gltf_document_extension.cpp
resource_importer_texture.cpp
placeholder_texture3d.cpp
test.cpp
texture2d_array_rd.cpp
resource_importer_ogg_vorbis.cpp
gltf_buffer_view.cpp
uniform_set_cache_rd.cpp
node2d.cpp
animation_node_state_machine.cpp
gltf_document.cpp
texture_button.cpp
animation_node_one_shot.cpp
ribbon_trail_mesh.cpp
texture2drd.cpp
gd_extension.cpp
node.cpp
animation_node_time_scale.cpp
popup.cpp
resource_uid.cpp
texture_layered.cpp
tube_trail_mesh.cpp
animation_node_sync.cpp
gltf_document_extension_convert_importer_mesh.cpp
navigation_path_query_result3d.cpp
resource_importer_texture_atlas.cpp
triangle_mesh.cpp
gltf_camera.cpp
gltf_physics_body.cpp
texture3drd.cpp
upnp_device.cpp
animation_tree.cpp
gltf_light.cpp
texture_cubemap_rd.cpp
resource_loader.cpp
polygon_path_finder.cpp
gltf_animation.cpp
texture_cubemap_array_rd.cpp
navigation_path_query_result2d.cpp
gd_script_syntax_highlighter.cpp
placeholder_texture2d.cpp
udp_server.cpp
tween.cpp
animation_node_output.cpp
retarget_modifier3d.cpp
polygon_occluder3d.cpp
navigation_server2d.cpp
tile_map_layer.cpp
tile_map.cpp
polygon2d.cpp
texture_progress_bar.cpp
animation_node_state_machine_transition.cpp
animation_node_state_machine_playback.cpp
navigation_region3d.cpp
placeholder_cubemap.cpp
thread.cpp
resource_importer_layered_texture.cpp
pin_joint3d.cpp
navigation_obstacle3d.cpp
theme_db.cpp
v_box_container.cpp
gltf_mesh.cpp
resource_importer_bit_map.cpp
upnp.cpp
animation_node_transition.cpp
resource_importer_csv_translation.cpp
pin_joint2d.cpp
resource_importer_image_font.cpp
tweener.cpp
animation_node_sub2.cpp
texture_rect.cpp
gd_script.cpp
resource_importer_image.cpp
physics_test_motion_parameters3d.cpp
texture.cpp
v_separator.cpp
physics_shape_query_parameters3d.cpp
navigation_obstacle2d.cpp
text_server_manager.cpp
base_button.cpp
v_flow_container.cpp
physics_test_motion_result2d.cpp
navigation_region2d.cpp
framebuffer_cache_rd.cpp
xr_origin3d.cpp
text_server_extension.cpp
physics_server3d_rendering_server_handler.cpp
navigation_polygon.cpp
gd_extension_manager.cpp
back_buffer_copy.cpp
resource_importer_bm_font.cpp
visual_shader_node_texture2d_array_parameter.cpp
animation_node_time_seek.cpp
text_paragraph.cpp
placeholder_mesh.cpp
navigation_path_query_parameters3d.cpp
visual_shader_node_step.cpp
zip_reader.cpp
font_file.cpp
rendering_server.cpp
animation_root_node.cpp
text_edit.cpp
physics_test_motion_result3d.cpp
navigation_path_query_parameters2d.cpp
animation_player.cpp
font.cpp
xrvrs.cpp
visual_shader_node_smooth_step.cpp
audio_stream_playlist.cpp
navigation_mesh_generator.cpp
tab_bar.cpp
resource.cpp
xr_pose.cpp
visual_shader_node_switch.cpp
placeholder_material.cpp
placeholder_cubemap_array.cpp
resource_format_loader.cpp
xr_tracker.cpp
visual_shader_node_texture3d_parameter.cpp
animation_node_blend3.cpp
navigation_mesh_source_geometry_data3d.cpp
audio_stream_playback_polyphonic.cpp
audio_stream_player3d.cpp
collision_object2d.cpp
visual_shader_node_texture.cpp
text_server_dummy.cpp
animation_node.cpp
resource_importer_obj.cpp
fast_noise_lite.cpp
nine_patch_rect.cpp
xr_server.cpp
char_fx_transform.cpp
physics_test_motion_parameters2d.cpp
fbx_state.cpp
navigation_server3d.cpp
xr_positional_tracker.cpp
animation_mixer.cpp
navigation_mesh_source_geometry_data2d.cpp
xr_node3d.cpp
animation_node_blend_space1_d.cpp
visual_shader_node_texture_parameter_triplanar.cpp
visual_shader_node_texture3d.cpp
external_texture.cpp
navigation_mesh.cpp
tab_container.cpp
code_edit.cpp
audio_stream_playback_resampled.cpp
fog_volume.cpp
mutex.cpp
animation_node_add3.cpp
fog_material.cpp
audio_stream_playback_playlist.cpp
visual_shader_node_texture2d_parameter.cpp
tcp_server.cpp
physics_shape_query_parameters2d.cpp
render_scene_data_rd.cpp
check_button.cpp
file_system_dock.cpp
zip_packer.cpp
text_line.cpp
animation_node_animation.cpp
physics_server3d_manager.cpp
resource_importer_mp3.cpp
file_dialog.cpp
audio_stream_synchronized.cpp
text_mesh.cpp
collision_object3d.cpp
animation_node_blend2.cpp
physics_server3d_extension.cpp
rendering_device.cpp
audio_stream_randomizer.cpp
render_scene_data_extension.cpp
native_menu.cpp
animation_library.cpp
physics_ray_query_parameters3d.cpp
navigation_link3d.cpp
visual_shader_node_texture_sdf.cpp
code_highlighter.cpp
tls_options.cpp
resource_importer_dynamic_font.cpp
visual_shader_node_texture2d_array.cpp
audio_stream_player2d.cpp
physics_point_query_parameters3d.cpp
resource_format_saver.cpp
fbx_document.cpp
navigation_link2d.cpp
class_db_singleton.cpp
expression.cpp
multiplayer_spawner.cpp
audio_stream_polyphonic.cpp
check_box.cpp
animation.cpp
navigation_agent3d.cpp
audio_stream_player.cpp
render_scene_buffers_rd.cpp
physics_server3d.cpp
texture2d.cpp
character_body3d.cpp
file_access.cpp
audio_stream_playback_synchronized.cpp
visual_shader_node_texture_parameter.cpp
animation_node_blend_space2d.cpp
physics_server2d_manager.cpp
flow_container.cpp
xr_interface_extension.cpp
multiplayer_api.cpp
audio_stream_playback_ogg_vorbis.cpp
visual_shader_node_screen_uv_to_sdf.cpp
render_scene_data.cpp
collision_polygon2d.cpp
navigation_agent2d.cpp
xr_controller3d.cpp
text_server_advanced.cpp
animation_node_extension.cpp
resource_importer.cpp
font_variation.cpp
xr_interface.cpp
visual_shader_node_screen_normal_world_space.cpp
circle_shape2d.cpp
physics_material.cpp
audio_stream_wav.cpp
animation_node_blend_tree.cpp
text_server.cpp
character_body2d.cpp
render_scene_buffers.cpp
importer_mesh_instance3d.cpp
visual_shader_node_sample3d.cpp
multiplayer_synchronizer.cpp
editor_debugger_plugin.cpp
syntax_highlighter.cpp
physics_server2d.cpp
xr_hand_tracker.cpp
visual_shader_node_sdf_to_screen_uv.cpp
canvas_item_material.cpp
animation_node_add2.cpp
physics_ray_query_parameters2d.cpp
importer_mesh.cpp
xr_face_tracker.cpp
subtween_tweener.cpp
physics_direct_space_state3d.cpp
remote_transform2d.cpp
multiplayer_peer_extension.cpp
editor_context_menu_plugin.cpp
visual_shader_node_particle_multiply_by_axis_angle.cpp
audio_server.cpp
a_star2d.cpp
physics_direct_space_state2d_extension.cpp
render_data.cpp
editor_command_palette.cpp
multiplayer_api_extension.cpp
render_data_rd.cpp
style_box_texture.cpp
physics_direct_space_state2d.cpp
audio_stream_mp3.cpp
image_texture_layered.cpp
visual_shader_node_reroute.cpp
packed_vector4_array.cpp
canvas_item.cpp
e_net_packet_peer.cpp
xr_hand_modifier3d.cpp
audio_stream_microphone.cpp
style_box_line.cpp
camera_attributes_physical.cpp
physics_point_query_parameters2d.cpp
image_texture3d.cpp
audio_stream_generator.cpp
physics_server2d_extension.cpp
reference_rect.cpp
multi_mesh_instance3d.cpp
xr_camera3d.cpp
visual_shader_node_particle_mesh_emitter.cpp
audio_stream.cpp
style_box_flat.cpp
capsule_shape2d.cpp
render_scene_buffers_extension.cpp
physics_direct_body_state2d_extension.cpp
multiplayer_peer.cpp
visual_shader_node_sdf_raymarch.cpp
animatable_body2d.cpp
physics_direct_body_state3d.cpp
image_format_loader.cpp
directional_light3d.cpp
xr_face_modifier3d.cpp
audio_stream_playback.cpp
visual_shader_node_resizable_base.cpp
animatable_body3d.cpp
directional_light2d.cpp
render_scene_buffers_configuration.cpp
xr_body_tracker.cpp
audio_stream_ogg_vorbis.cpp
style_box.cpp
render_data_extension.cpp
image_texture.cpp
multi_mesh.cpp
decal.cpp
xr_body_modifier3d.cpp
visual_shader_node_random_range.cpp
capsule_mesh.cpp
aes_context.cpp
image_format_loader_extension.cpp
xml_parser.cpp
visual_shader_node_proximity_fade.cpp
stream_peer_extension.cpp
dtls_server.cpp
movie_writer.cpp
xr_anchor3d.cpp
stream_peer_buffer.cpp
animated_texture.cpp
reflection_probe.cpp
physics_direct_space_state3d_extension.cpp
cylinder_mesh.cpp
visual_shader_node_particle_randomness.cpp
stream_peer_tcp.cpp
reg_ex.cpp
missing_resource.cpp
audio_stream_interactive.cpp
xr_controller_tracker.cpp
physics_direct_body_state2d.cpp
canvas_texture.cpp
audio_stream_generator_playback.cpp
http_request.cpp
visual_shader_node_remap.cpp
a_star3d.cpp
canvas_modulate.cpp
http_client.cpp
damped_spring_joint2d.cpp
method_tweener.cpp
audio_sample_playback.cpp
visual_shader_node_rotation_by_axis.cpp
stream_peer.cpp
camera_texture.cpp
a_star_grid2d.cpp
mesh_texture.cpp
audio_sample.cpp
style_box_empty.cpp
remote_transform3d.cpp
curve_xyz_texture.cpp
mesh.cpp
x509_certificate.cpp
canvas_layer.cpp
animated_sprite3d.cpp
mesh_instance3d.cpp
audio_stream_playback_interactive.cpp
stream_peer_gzip.cpp
ip.cpp
curve_texture.cpp
world_environment.cpp
visual_shader_node_particle_output.cpp
camera_server.cpp
animated_sprite2d.cpp
ref_counted.cpp
image.cpp
curve2d.cpp
stream_peer_tls.cpp
camera_feed.cpp
reg_ex_match.cpp
physics_direct_body_state3d_extension.cpp
height_map_shape3d.cpp
world_boundary_shape3d.cpp
visual_shader_node_particle_ring_emitter.cpp
sub_viewport_container.cpp
camera_attributes_practical.cpp
visual_shader_node_particle_sphere_emitter.cpp
cylinder_shape3d.cpp
h_box_container.cpp
system_font.cpp
canvas_group.cpp
physical_bone_simulator3d.cpp
mesh_convex_decomposition_settings.cpp
world_boundary_shape2d.cpp
center_container.cpp
rd_vertex_attribute.cpp
physical_bone2d.cpp
mesh_library.cpp
surface_tool.cpp
packed_color_array.cpp
capsule_shape3d.cpp
rd_texture_format.cpp
performance.cpp
hinge_joint3d.cpp
curve.cpp
world3d.cpp
accept_dialog.cpp
cubemap.cpp
mesh_data_tool.cpp
world2d.cpp
rd_shader_source.cpp
immediate_mesh.cpp
sub_viewport.cpp
worker_thread_pool.cpp
csg_mesh3d.cpp
hmac_context.cpp
path_follow2d.cpp
material.cpp
visual_shader_node_particle_accelerator.cpp
parallax_layer.cpp
h_slider.cpp
window.cpp
rd_shader_file.cpp
sprite3d.cpp
missing_node.cpp
web_rtc_peer_connection_extension.cpp
visual_shader_node_particle_box_emitter.cpp
camera_attributes.cpp
parallax2d.cpp
e_net_multiplayer_peer.cpp
menu_bar.cpp
visual_shader_node_output.cpp
path2d.cpp
camera3d.cpp
h_split_container.cpp
e_net_connection.cpp
multi_mesh_instance2d.cpp
web_xr_interface.cpp
parallax_background.cpp
csg_sphere3d.cpp
h_separator.cpp
standard_material3d.cpp
visual_shader_node_outer_product.cpp
display_server.cpp
range.cpp
h_flow_container.cpp
dir_access.cpp
visual_shader_node_int_op.cpp
spring_bone_collision_sphere3d.cpp
web_socket_multiplayer_peer.cpp
csg_primitive3d.cpp
web_rtc_multiplayer_peer.cpp
panel_container.cpp
path_follow3d.cpp
curve3d.cpp
h_scroll_bar.cpp
visual_shader_node_is.cpp
mesh_instance2d.cpp
cubemap_array.cpp
rd_uniform.cpp
mobile_vr_interface.cpp
web_rtc_data_channel_extension.cpp
csg_polygon3d.cpp
visual_shader_node_mix.cpp
rd_sampler_state.cpp
physics_body3d.cpp
hashing_context.cpp
menu_button.cpp
visual_shader_node_int_parameter.cpp
graph_frame.cpp
ray_cast2d.cpp
spring_bone_collision_plane3d.cpp
editor_resource_tooltip_plugin.cpp
voxel_gi.cpp
marshalls.cpp
visual_shader_node_multiply_add.cpp
camera2d.cpp
physics_body2d.cpp
csg_torus3d.cpp
callback_tweener.cpp
rd_texture_view.cpp
grid_map_editor_plugin.cpp
status_indicator.cpp
rd_pipeline_specialization_constant.cpp
editor_resource_preview.cpp
editor_plugin.cpp
spring_bone_simulator3d.cpp
transform3d.cpp
visual_shader_node_particle_cone_velocity.cpp
visual_shader_node_particle_emit.cpp
random_number_generator.cpp
rectangle_shape2d.cpp
visual_shader_node_linear_scene_depth.cpp
web_socket_peer.cpp
csg_shape3d.cpp
grid_map.cpp
ray_cast3d.cpp
static_body3d.cpp
callable.cpp
voxel_gi_data.cpp
csg_cylinder3d.cpp
interval_tweener.cpp
rid.cpp
editor_node3d_gizmo.cpp
visual_shader_node_parameter_ref.cpp
sprite2d.cpp
physical_sky_material.cpp
packed_float32_array.cpp
instance_placeholder.cpp
gradient_texture2d.cpp
static_body2d.cpp
physical_bone3d.cpp
packed_vector2_array.cpp
graph_edit.cpp
sprite_frames.cpp
rd_shader_spirv.cpp
input_map.cpp
rect2.cpp
groove_joint2d.cpp
transform2d.cpp
editor_property.cpp
sprite_base3d.cpp
button_group.cpp
web_rtc_data_channel.cpp
panorama_sky_material.cpp
input_event_with_modifiers.cpp
web_rtc_peer_connection.cpp
input_event_shortcut.cpp
spring_bone_collision_capsule3d.cpp
visual_shader_node_particle_emitter.cpp
particle_process_material.cpp
low_level.cpp
graph_node.cpp
editor_interface.cpp
bone2d.cpp
path3d.cpp
rd_pipeline_depth_stencil_state.cpp
input_event_screen_touch.cpp
spring_arm3d.cpp
array.cpp
weak_ref.cpp
visual_shader_node_parameter.cpp
bit_map.cpp
panel.cpp
rd_framebuffer_pass.cpp
grid_container.cpp
spring_bone_collision3d.cpp
visual_shader_node_world_position_from_depth.cpp
editor_resource_picker.cpp
graph_element.cpp
input_event_screen_drag.cpp
packed_float64_array.cpp
visual_shader_node_input.cpp
aabb.cpp
base_material3d.cpp
packet_peer.cpp
rd_pipeline_color_blend_state_attachment.cpp
input_event_pan_gesture.cpp
editor_node3d_gizmo_plugin.cpp
variant_internal.cpp
callable_method_pointer.cpp
method_bind.cpp
plane.cpp
class_db.cpp
register_types.cpp
variant.cpp
wrapped.cpp
object.cpp
editor_plugin_registration.cpp
callable_custom.cpp
projection.cpp
color.cpp
godot.cpp
spot_light3d.cpp
input_event_magnify_gesture.cpp
editor_inspector_plugin.cpp
visual_shader_node_vector_op.cpp
packed_byte_array.cpp
visual_shader_node_global_expression.cpp
box_shape3d.cpp
rd_pipeline_color_blend_state.cpp
gradient.cpp
packet_peer_stream.cpp
input_event.cpp
editor_inspector.cpp
primitive_mesh.cpp
pck_packer.cpp
input_event_joypad_motion.cpp
visual_shader_node_float_func.cpp
box_mesh.cpp
slider.cpp
dictionary.cpp
visual_shader_node_float_constant.cpp
bone_map.cpp
quad_occluder3d.cpp
editor_resource_preview_generator.cpp
skeleton_profile.cpp
visual_shader_node_vector_decompose.cpp
cpu_particles2d.cpp
signal.cpp
geometry2d.cpp
editor_paths.cpp
visual_shader_node_vec2_parameter.cpp
visual_shader_node_int_constant.cpp
generic6_dof_joint3d.cpp
packed_int64_array.cpp
input_event_joypad_button.cpp
spin_box.cpp
visual_shader_node_fresnel.cpp
packed_data_container.cpp
property_tweener.cpp
packed_int32_array.cpp
gpu_particles_collision_box3d.cpp
input_event_mouse.cpp
editor_scene_format_importer.cpp
sphere_occluder3d.cpp
packed_arrays.cpp
gpu_particles_attractor_box3d.cpp
editor_import_plugin.cpp
box_occluder3d.cpp
skin.cpp
visual_shader_node_vec2_constant.cpp
packet_peer_dtls.cpp
gpu_particles_collision_sphere3d.cpp
input_event_key.cpp
packed_string_array.cpp
editor_resource_conversion_plugin.cpp
visual_shader_node_frame.cpp
sphere_shape3d.cpp
packed_vector3_array.cpp
project_settings.cpp
gpu_particles_attractor_vector_field3d.cpp
visual_shader_node_vector_compose.cpp
cpu_particles3d.cpp
packet_peer_extension.cpp
progress_bar.cpp
editor_file_system_import_format_support_query.cpp
visual_shader_node_group_base.cpp
gpu_particles_collision_sdf3d.cpp
visual_shader_node_vec4_parameter.cpp
visual_shader_node_int_func.cpp
button.cpp
open_xr_interface.cpp
gpu_particles_collision_height_field3d.cpp
box_container.cpp
input.cpp
portable_compressed_texture2d.cpp
editor_file_dialog.cpp
packed_scene.cpp
gpu_particles_collision3d.cpp
popup_menu.cpp
editor_file_system.cpp
packed_data_container_ref.cpp
sky.cpp
prism_mesh.cpp
visual_shader_node_if.cpp
csg_combiner3d.cpp
optimized_translation.cpp
input_event_mouse_button.cpp
rd_attachment_format.cpp
skeleton_modification_stack2d.cpp
csg_box3d.cpp
popup_panel.cpp
input_event_midi.cpp
slider_joint3d.cpp
visual_shader_node_varying_setter.cpp
visual_shader_node_float_op.cpp
rd_pipeline_rasterization_state.cpp
option_button.cpp
gltf_texture_sampler.cpp
editor_export_platform_windows.cpp
visual_shader_node_vector_func.cpp
skeleton_modifier3d.cpp
rd_pipeline_multisample_state.cpp
input_event_action.cpp
skin_reference.cpp
bone_attachment3d.cpp
editor_file_system_directory.cpp
skeleton_profile_humanoid.cpp
visual_shader_node_float_parameter.cpp
open_xr_visibility_mask.cpp
gltf_texture.cpp
editor_export_preset.cpp
input_event_gesture.cpp
visual_shader_node_vec3_parameter.cpp
visual_shader_node_face_forward.cpp
procedural_sky_material.cpp
gltf_skin.cpp
split_container.cpp
visual_shader_node_varying_getter.cpp
visual_shader_node_expression.cpp
packet_peer_udp.cpp
input_event_from_window.cpp
gpu_particles_attractor_sphere3d.cpp
editor_export_platform_pc.cpp
visual_shader_node_vec3_constant.cpp
soft_body3d.cpp
audio_effect_record.cpp
open_xr_interaction_profile_metadata.cpp
editor_export_platform_linux_bsd.cpp
visual_shader_node_vector_refract.cpp
gradient_texture1_d.cpp
input_event_mouse_motion.cpp
visual_shader_node_distance_fade.cpp
quad_mesh.cpp
geometry_instance3d.cpp
editor_export_platform_ios.cpp
visual_shader_node_vector_base.cpp
audio_effect_low_shelf_filter.cpp
visual_shader_node_determinant.cpp
visual_shader_node_vector_len.cpp
editor_debugger_session.cpp
open_xr_interaction_profile_editor.cpp
gpu_particles2d.cpp
marker3d.cpp
sphere_mesh.cpp
visual_shader_node_vec4_constant.cpp
visual_shader_node_vector_distance.cpp
geometry3d.cpp
visual_shader_node_derivative_func.cpp
audio_effect_phaser.cpp
skeleton_modification2d_two_bone_ik.cpp
margin_container.cpp
open_xrip_binding_modifier.cpp
shader_material.cpp
look_at_modifier3d.cpp
skeleton_modification2d_jiggle.cpp
audio_effect_notch_filter.cpp
visual_shader_node_u_int_op.cpp
editor_export_platform.cpp
audio_listener3d.cpp
open_xrip_binding.cpp
shader_include_db.cpp
visual_shader_node_uv_polar_coord.cpp
audio_effect_reverb.cpp
semaphore.cpp
gpu_particles3d.cpp
visual_shader_node_transform_parameter.cpp
editor_export_plugin.cpp
skeleton2d.cpp
audio_effect_low_pass_filter.cpp
gpu_particles_attractor3d.cpp
open_xr_binding_modifier_editor.cpp
light2d.cpp
skeleton_ik3d.cpp
visual_shader_node_u_int_constant.cpp
scroll_container.cpp
lightmapper.cpp
editor_export_platform_mac_os.cpp
skeleton_modification2d_physical_bones.cpp
audio_effect_panner.cpp
shader_globals_override.cpp
visual_shader_node_comment.cpp
open_xr_dpad_binding_modifier.cpp
gltf_spec_gloss.cpp
editor_export_platform_web.cpp
visual_shader_node_transform_vec_mult.cpp
visual_shader_node_color_func.cpp
open_xr_hand.cpp
gltf_state.cpp
label_settings.cpp
visual_shader_node_constant.cpp
editor_export_platform_android.cpp
skeleton_modification2dccdik.cpp
audio_effect_spectrum_analyzer.cpp
separator.cpp
skeleton_modification2d_stack_holder.cpp
audio_effect_pitch_shift.cpp
gltf_skeleton.cpp
open_xr_composition_layer.cpp
lightmap_probe.cpp
skeleton_modification2d_look_at.cpp
visual_shader_node_compare.cpp
audio_effect_spectrum_analyzer_instance.cpp
shader_include.cpp
editor_feature_profile.cpp
skeleton_modification2d.cpp
visual_shader_node_color_op.cpp
open_xr_binding_modifier.cpp
shape_cast2d.cpp
editor_export_platform_extension.cpp
shape_cast3d.cpp
visual_shader_node_clamp.cpp
shape3d.cpp
audio_listener2d.cpp
skeleton_modification2dfabrik.cpp
visual_shader_node_color_parameter.cpp
editor_vcs_interface.cpp
audio_effect_stereo_enhance.cpp
segment_shape2d.cpp
open_xr_haptic_vibration.cpp
visual_shader_node_transform_op.cpp
editor_translation_parser_plugin.cpp
   Creating library C:\Users\Aaron\Documents\CGodot\gdext\bin\libtest.windows.template_debug.x86_64.lib and object C:\Users\Aaron\Documents\CGodot\gdext\bin\libtest.windows.template_debug.x86_64.exp
